
========================================
New Log Session at 2025-04-03 17:26:51
========================================
[INFO] Game state initialized with players: DEER || 2025-04-03 17:26:52
[INFO] DTR JSON: {'respond_bool': False, 'reasoning': 'There is no chat history provided, so there is no need to respond at this time.'} || 2025-04-03 17:26:54
[INFO] DTR JSON: {'respond_bool': False, 'reasoning': 'There is no chat history provided, so there is no conversation to respond to at the moment.'} || 2025-04-03 17:26:55
[INFO] DTR JSON: {'respond_bool': False, 'reasoning': 'There is no chat history provided, so there is no need to respond at this time.'} || 2025-04-03 17:26:57
[INFO] DTR JSON: {'respond_bool': False, 'reasoning': 'There is no relevant chat history to respond to, and the game state does not provide any context for a response.'} || 2025-04-03 17:26:59
[INFO] DTR JSON: {'respond_bool': False, 'reasoning': 'There is no relevant chat history to respond to in this scenario.'} || 2025-04-03 17:27:00
[INFO] DTR JSON: {'respond_bool': False, 'reasoning': 'There is no relevant chat history to respond to in this scenario.'} || 2025-04-03 17:27:02
[INFO] DTR JSON: {'respond_bool': False, 'reasoning': "There is no relevant chat history to respond to, as the message is just 'DEER' and doesn't contribute to the conversation."} || 2025-04-03 17:27:03
[INFO] DTR JSON: {'respond_bool': False, 'reasoning': 'There is no relevant chat history to respond to in this scenario.'} || 2025-04-03 17:27:05
[INFO] DTR JSON: {'respond_bool': False, 'reasoning': 'There is no relevant chat history to respond to in this scenario.'} || 2025-04-03 17:27:06
[INFO] DTR JSON: {'respond_bool': False, 'reasoning': 'There is no relevant chat history to respond to in this scenario.'} || 2025-04-03 17:27:08
[INFO] DTR JSON: {'respond_bool': False, 'reasoning': 'There is no relevant chat history to respond to in this scenario.'} || 2025-04-03 17:27:09
[INFO] DTR JSON: {'respond_bool': False, 'reasoning': 'There is no relevant chat history to respond to in this scenario.'} || 2025-04-03 17:27:11
[INFO] DTR JSON: {'respond_bool': False, 'reasoning': 'There is no relevant chat history to respond to in this scenario.'} || 2025-04-03 17:27:12
[INFO] DTR JSON: {'respond_bool': False, 'reasoning': 'There is no relevant chat history to respond to in this scenario.'} || 2025-04-03 17:27:14
[INFO] DTR JSON: {'respond_bool': False, 'reasoning': 'There is no relevant chat history to respond to in this scenario.'} || 2025-04-03 17:27:16
[INFO] DTR JSON: {'respond_bool': False, 'reasoning': 'There is no relevant chat history to respond to, and the game state does not provide any context for a response.'} || 2025-04-03 17:27:17
[INFO] DTR JSON: {'respond_bool': False, 'reasoning': 'There is no relevant chat history to respond to in this scenario.'} || 2025-04-03 17:27:19
[INFO] DTR JSON: {'respond_bool': False, 'reasoning': 'There is no relevant chat history to respond to in this scenario.'} || 2025-04-03 17:27:20
[INFO] DTR JSON: {'respond_bool': False, 'reasoning': 'There is no relevant chat history to respond to in this scenario.'} || 2025-04-03 17:27:22
[INFO] DTR JSON: {'respond_bool': False, 'reasoning': "The round is complete, and the Game Master has announced the end of the round, so there's no need to respond to this message."} || 2025-04-03 17:27:23
[INFO] DTR JSON: {'respond_bool': False, 'reasoning': 'The round has just ended, and the Game Master is moving to the next round. No need to respond at this moment.'} || 2025-04-03 17:27:25
[INFO] DTR JSON: {'respond_bool': False, 'reasoning': 'The round has just ended, and the Game Master is moving to the next round. No need to respond at this moment.'} || 2025-04-03 17:27:27
[INFO] DTR JSON: {'respond_bool': False, 'reasoning': "The round is complete, and the Game Master has announced the end of the round, so there's no need to respond to this message."} || 2025-04-03 17:27:28
[INFO] DTR JSON: {'respond_bool': False, 'reasoning': 'The round is complete, and the Game Master has announced the end of the round. No further response is needed at this time.'} || 2025-04-03 17:27:30
[INFO] DTR JSON: {'respond_bool': False, 'reasoning': 'The round has just ended, and the Game Master is moving to the next round. No need to respond at this moment.'} || 2025-04-03 17:27:32
[INFO] DTR JSON: {'respond_bool': False, 'reasoning': 'The round has just ended, and the Game Master is moving to the next round. No need to respond at this moment.'} || 2025-04-03 17:27:34
[INFO] DTR JSON: {'respond_bool': False, 'reasoning': 'The round has just ended, and the Game Master is moving to the next round. No need to respond at this moment.'} || 2025-04-03 17:27:35
