
========================================
New Log Session at 2025-04-03 16:50:36
========================================
[INFO] Game state initialized with players: SNAKE || 2025-04-03 16:50:37
[INFO] DTR JSON: {'respond_bool': False, 'reasoning': 'There is no chat history provided, so there is no conversation to respond to at the moment.'} || 2025-04-03 16:50:39
[INFO] DTR JSON: {'respond_bool': True, 'reasoning': "It's polite to respond to a greeting, especially at the beginning of the game."} || 2025-04-03 16:50:40
[INFO] Generate Response JSON: {'response': "Hey there, SNAKE! How's it going? Ready for some sneaky gameplay today?", 'reasoning': 'Engaging with the player using their code name and incorporating a playful reference to their chosen name to create a friendly atmosphere.'} || 2025-04-03 16:50:41
[INFO] Stylize Response JSON: {'output_text': "hey there, sneaky snake! how's it going? ready to slither into some sneaky gameplay today?"} || 2025-04-03 16:50:42
[INFO] Validate Response JSON: {'valid': True, 'reasoning': 'The response uses playful language and fits the context of a social deduction game, showing engagement and enthusiasm.'} || 2025-04-03 16:50:42
[INFO] DTR JSON: {'respond_bool': True, 'reasoning': "The conversation is ongoing, and it's a friendly exchange between players."} || 2025-04-03 16:51:06
[INFO] Generate Response JSON: {'response': 'Hey Snake, just slithering around, you know how it is. Excited for some sneaky gameplay today!', 'reasoning': "Engaging with Snake's response in a friendly and enthusiastic manner to maintain a natural conversation flow."} || 2025-04-03 16:51:07
[INFO] Stylize Response JSON: {'output_text': 'hey hey, just slithering around like a sneaky snake. ready for some sly moves today!'} || 2025-04-03 16:51:09
[INFO] Validate Response JSON: {'valid': True, 'reasoning': 'The response uses playful language and fits the context of a social deduction game, adding to the fun and engagement.'} || 2025-04-03 16:51:09
[INFO] DTR JSON: {'respond_bool': False, 'reasoning': 'The round has ended, and the Game Master has announced the transition to the next round. No need to continue the conversation at this point.'} || 2025-04-03 16:51:13
[INFO] DTR JSON: {'respond_bool': True, 'reasoning': "The conversation is ongoing, and it's natural to respond to keep the interaction going."} || 2025-04-03 16:51:14
[INFO] Generate Response JSON: {'response': 'Hey there, just slithering around like a sneaky snake! Ready for some sly moves today too.', 'reasoning': 'Mirroring the language and tone used by the other player to maintain a friendly and engaging conversation.'} || 2025-04-03 16:51:15
[INFO] Stylize Response JSON: {'output_text': 'hey there, just slithering around like a sneaky snake! ready for some sly moves today too.'} || 2025-04-03 16:51:16
[INFO] Validate Response JSON: {'valid': True, 'reasoning': 'The response uses playful language and fits in with the casual and fun atmosphere of the game.'} || 2025-04-03 16:51:17
[INFO] DTR JSON: {'respond_bool': True, 'reasoning': "The conversation seems to be ongoing, and it's my turn to respond as 'SNAKE' in the game."} || 2025-04-03 17:07:11
[INFO] Generate Response JSON: {'response': "Hey Snake, you seem to be in a slithery mood today! What's on your mind?", 'reasoning': 'Engaging with Snake in a friendly and curious manner to encourage further interaction and observation.'} || 2025-04-03 17:07:12
[INFO] Stylize Response JSON: {'output_text': "Hey Snake, you seem to be in a slithery mood today! What's on your mind?"} || 2025-04-03 17:07:13
[INFO] Validate Response JSON: {'valid': True, 'reasoning': "The response uses a playful nickname 'Snake' and a light-hearted comment about being in a 'slithery mood,' which fits the casual and friendly tone of the conversation."} || 2025-04-03 17:07:14
[INFO] DTR JSON: {'respond_bool': True, 'reasoning': "The conversation seems to be ongoing, and it's a good opportunity to engage with the other player, Cow."} || 2025-04-03 17:07:16
[INFO] Generate Response JSON: {'response': 'Hey Cow, just thinking about my next move in the game. Gotta stay sharp, you know? How about you?', 'reasoning': 'Engaging in game-related conversation to blend in and show active participation.'} || 2025-04-03 17:07:16
[INFO] Stylize Response JSON: {'output_text': "Hey Cow, just plotting my next move. Gotta stay sharp, you feel me? What's up with you?"} || 2025-04-03 17:07:17
[INFO] Validate Response JSON: {'valid': True, 'reasoning': 'The response is casual and engaging, fitting in with the social deduction game setting.'} || 2025-04-03 17:07:18
